# JRE version: OpenJDK Runtime Environment Temurin-17.0.13+11 (17.0.13+11) (build 17.0.13+11)
# Java VM: OpenJDK 64-Bit Server VM Temurin-17.0.13+11 (17.0.13+11, mixed mode, sharing, tiered, compressed oops, compressed class ptrs, g1 gc, windows-amd64)
GC Precious Log:
 CPUs: 8 total, 8 available
 Memory: 16190M
 Large Page Support: Disabled
 NUMA Support: Disabled
 Compressed Oops: Enabled (Zero based)
 Heap Region Size: 4M
 Heap Min Capacity: 8M
 Heap Initial Capacity: 256M
 Heap Max Capacity: 8G
 Pre-touch: Disabled
 Parallel Workers: 8
 Concurrent Workers: 2
 Concurrent Refinement Workers: 8
 Periodic GC: Disabled
Heap:
 garbage-first heap   total 262144K, used 193432K [0x0000000600000000, 0x0000000800000000)
  region size 4096K, 14 young (57344K), 2 survivors (8192K)
 Metaspace       used 113978K, committed 114944K, reserved 1179648K
  class space    used 15627K, committed 16064K, reserved 1048576K
GC Heap History (20 events):
Event: 148.259 GC heap before
{Heap before GC invocations=44 (full 0):
 garbage-first heap   total 184320K, used 126417K [0x0000000600000000, 0x0000000800000000)
  region size 4096K, 8 young (32768K), 1 survivors (4096K)
 Metaspace       used 86022K, committed 86976K, reserved 1179648K
  class space    used 11967K, committed 12416K, reserved 1048576K
}
Event: 148.262 GC heap after
{Heap after GC invocations=45 (full 0):
 garbage-first heap   total 184320K, used 102610K [0x0000000600000000, 0x0000000800000000)
  region size 4096K, 1 young (4096K), 1 survivors (4096K)
 Metaspace       used 86022K, committed 86976K, reserved 1179648K
  class space    used 11967K, committed 12416K, reserved 1048576K
}
Event: 149.128 GC heap before
{Heap before GC invocations=45 (full 0):
 garbage-first heap   total 184320K, used 143570K [0x0000000600000000, 0x0000000800000000)
  region size 4096K, 11 young (45056K), 1 survivors (4096K)
 Metaspace       used 91969K, committed 92928K, reserved 1179648K
  class space    used 13170K, committed 13632K, reserved 1048576K
}
Event: 149.133 GC heap after
{Heap after GC invocations=46 (full 0):
 garbage-first heap   total 184320K, used 103760K [0x0000000600000000, 0x0000000800000000)
  region size 4096K, 1 young (4096K), 1 survivors (4096K)
 Metaspace       used 91969K, committed 92928K, reserved 1179648K
  class space    used 13170K, committed 13632K, reserved 1048576K
}
Event: 149.143 GC heap before
{Heap before GC invocations=46 (full 0):
 garbage-first heap   total 184320K, used 103760K [0x0000000600000000, 0x0000000800000000)
  region size 4096K, 2 young (8192K), 1 survivors (4096K)
 Metaspace       used 92037K, committed 92992K, reserved 1179648K
  class space    used 13180K, committed 13632K, reserved 1048576K
}
Event: 149.147 GC heap after
{Heap after GC invocations=47 (full 0):
 garbage-first heap   total 184320K, used 103810K [0x0000000600000000, 0x0000000800000000)
  region size 4096K, 1 young (4096K), 1 survivors (4096K)
 Metaspace       used 92037K, committed 92992K, reserved 1179648K
  class space    used 13180K, committed 13632K, reserved 1048576K
}
Event: 149.950 GC heap before
{Heap before GC invocations=47 (full 0):
 garbage-first heap   total 184320K, used 157058K [0x0000000600000000, 0x0000000800000000)
  region size 4096K, 12 young (49152K), 1 survivors (4096K)
 Metaspace       used 92444K, committed 93440K, reserved 1179648K
  class space    used 13191K, committed 13632K, reserved 1048576K
}
Event: 149.969 GC heap after
{Heap after GC invocations=48 (full 0):
 garbage-first heap   total 184320K, used 116365K [0x0000000600000000, 0x0000000800000000)
  region size 4096K, 2 young (8192K), 2 survivors (8192K)
 Metaspace       used 92444K, committed 93440K, reserved 1179648K
  class space    used 13191K, committed 13632K, reserved 1048576K
}
Event: 150.207 GC heap before
{Heap before GC invocations=48 (full 0):
 garbage-first heap   total 184320K, used 145037K [0x0000000600000000, 0x0000000800000000)
  region size 4096K, 9 young (36864K), 2 survivors (8192K)
 Metaspace       used 92449K, committed 93440K, reserved 1179648K
  class space    used 13191K, committed 13632K, reserved 1048576K
}
Event: 150.227 GC heap after
{Heap after GC invocations=49 (full 0):
 garbage-first heap   total 184320K, used 125155K [0x0000000600000000, 0x0000000800000000)
  region size 4096K, 2 young (8192K), 2 survivors (8192K)
 Metaspace       used 92449K, committed 93440K, reserved 1179648K
  class space    used 13191K, committed 13632K, reserved 1048576K
}
Event: 150.736 GC heap before
{Heap before GC invocations=50 (full 0):
 garbage-first heap   total 233472K, used 145635K [0x0000000600000000, 0x0000000800000000)
  region size 4096K, 7 young (28672K), 2 survivors (8192K)
 Metaspace       used 93137K, committed 94080K, reserved 1179648K
  class space    used 13299K, committed 13760K, reserved 1048576K
}
Event: 150.747 GC heap after
{Heap after GC invocations=51 (full 0):
 garbage-first heap   total 233472K, used 129676K [0x0000000600000000, 0x0000000800000000)
  region size 4096K, 1 young (4096K), 1 survivors (4096K)
 Metaspace       used 93137K, committed 94080K, reserved 1179648K
  class space    used 13299K, committed 13760K, reserved 1048576K
}
Event: 151.417 GC heap before
{Heap before GC invocations=51 (full 0):
 garbage-first heap   total 233472K, used 150156K [0x0000000600000000, 0x0000000800000000)
  region size 4096K, 7 young (28672K), 1 survivors (4096K)
 Metaspace       used 96177K, committed 97088K, reserved 1179648K
  class space    used 13641K, committed 14080K, reserved 1048576K
}
Event: 151.426 GC heap after
{Heap after GC invocations=52 (full 0):
 garbage-first heap   total 233472K, used 130476K [0x0000000600000000, 0x0000000800000000)
  region size 4096K, 2 young (8192K), 2 survivors (8192K)
 Metaspace       used 96177K, committed 97088K, reserved 1179648K
  class space    used 13641K, committed 14080K, reserved 1048576K
}
Event: 153.335 GC heap before
{Heap before GC invocations=53 (full 0):
 garbage-first heap   total 253952K, used 187820K [0x0000000600000000, 0x0000000800000000)
  region size 4096K, 14 young (57344K), 2 survivors (8192K)
 Metaspace       used 101108K, committed 102016K, reserved 1179648K
  class space    used 14075K, committed 14528K, reserved 1048576K
}
Event: 153.346 GC heap after
{Heap after GC invocations=54 (full 0):
 garbage-first heap   total 253952K, used 142832K [0x0000000600000000, 0x0000000800000000)
  region size 4096K, 2 young (8192K), 2 survivors (8192K)
 Metaspace       used 101108K, committed 102016K, reserved 1179648K
  class space    used 14075K, committed 14528K, reserved 1048576K
}
Event: 155.394 GC heap before
{Heap before GC invocations=54 (full 0):
 garbage-first heap   total 253952K, used 196080K [0x0000000600000000, 0x0000000800000000)
  region size 4096K, 15 young (61440K), 2 survivors (8192K)
 Metaspace       used 107000K, committed 107968K, reserved 1179648K
  class space    used 14768K, committed 15232K, reserved 1048576K
}
Event: 155.406 GC heap after
{Heap after GC invocations=55 (full 0):
 garbage-first heap   total 253952K, used 145912K [0x0000000600000000, 0x0000000800000000)
  region size 4096K, 2 young (8192K), 2 survivors (8192K)
 Metaspace       used 107000K, committed 107968K, reserved 1179648K
  class space    used 14768K, committed 15232K, reserved 1048576K
}
Event: 157.031 GC heap before
{Heap before GC invocations=56 (full 0):
 garbage-first heap   total 262144K, used 199160K [0x0000000600000000, 0x0000000800000000)
  region size 4096K, 15 young (61440K), 2 survivors (8192K)
 Metaspace       used 110944K, committed 111872K, reserved 1179648K
  class space    used 15295K, committed 15744K, reserved 1048576K
}
Event: 157.039 GC heap after
{Heap after GC invocations=57 (full 0):
 garbage-first heap   total 262144K, used 148376K [0x0000000600000000, 0x0000000800000000)
  region size 4096K, 2 young (8192K), 2 survivors (8192K)
 Metaspace       used 110944K, committed 111872K, reserved 1179648K
  class space    used 15295K, committed 15744K, reserved 1048576K
}

