# JRE version: OpenJDK Runtime Environment Temurin-17.0.13+11 (17.0.13+11) (build 17.0.13+11)
# Java VM: OpenJDK 64-Bit Server VM Temurin-17.0.13+11 (17.0.13+11, mixed mode, sharing, tiered, compressed oops, compressed class ptrs, g1 gc, windows-amd64)
GC Precious Log:
 CPUs: 8 total, 8 available
 Memory: 16190M
 Large Page Support: Disabled
 NUMA Support: Disabled
 Compressed Oops: Enabled (Zero based)
 Heap Region Size: 4M
 Heap Min Capacity: 8M
 Heap Initial Capacity: 256M
 Heap Max Capacity: 8G
 Pre-touch: Disabled
 Parallel Workers: 8
 Concurrent Workers: 2
 Concurrent Refinement Workers: 8
 Periodic GC: Disabled
Heap:
 garbage-first heap   total 200704K, used 124946K [0x0000000600000000, 0x0000000800000000)
  region size 4096K, 6 young (24576K), 2 survivors (8192K)
 Metaspace       used 88203K, committed 89216K, reserved 1179648K
  class space    used 12618K, committed 13056K, reserved 1048576K
GC Heap History (20 events):
Event: 23.879 GC heap after
{Heap after GC invocations=14 (full 0):
 garbage-first heap   total 196608K, used 41321K [0x0000000600000000, 0x0000000800000000)
  region size 4096K, 2 young (8192K), 2 survivors (8192K)
 Metaspace       used 48926K, committed 49536K, reserved 1114112K
  class space    used 6836K, committed 7104K, reserved 1048576K
}
Event: 27.443 GC heap before
{Heap before GC invocations=14 (full 0):
 garbage-first heap   total 196608K, used 143721K [0x0000000600000000, 0x0000000800000000)
  region size 4096K, 26 young (106496K), 2 survivors (8192K)
 Metaspace       used 55094K, committed 55808K, reserved 1114112K
  class space    used 7789K, committed 8128K, reserved 1048576K
}
Event: 27.457 GC heap after
{Heap after GC invocations=15 (full 0):
 garbage-first heap   total 196608K, used 55558K [0x0000000600000000, 0x0000000800000000)
  region size 4096K, 4 young (16384K), 4 survivors (16384K)
 Metaspace       used 55094K, committed 55808K, reserved 1114112K
  class space    used 7789K, committed 8128K, reserved 1048576K
}
Event: 28.213 GC heap before
{Heap before GC invocations=15 (full 0):
 garbage-first heap   total 196608K, used 92422K [0x0000000600000000, 0x0000000800000000)
  region size 4096K, 14 young (57344K), 4 survivors (16384K)
 Metaspace       used 59368K, committed 60096K, reserved 1114112K
  class space    used 8347K, committed 8704K, reserved 1048576K
}
Event: 28.224 GC heap after
{Heap after GC invocations=16 (full 0):
 garbage-first heap   total 196608K, used 59486K [0x0000000600000000, 0x0000000800000000)
  region size 4096K, 1 young (4096K), 1 survivors (4096K)
 Metaspace       used 59368K, committed 60096K, reserved 1114112K
  class space    used 8347K, committed 8704K, reserved 1048576K
}
Event: 29.989 GC heap before
{Heap before GC invocations=17 (full 0):
 garbage-first heap   total 196608K, used 153694K [0x0000000600000000, 0x0000000800000000)
  region size 4096K, 23 young (94208K), 1 survivors (4096K)
 Metaspace       used 65265K, committed 65984K, reserved 1114112K
  class space    used 9198K, committed 9536K, reserved 1048576K
}
Event: 29.994 GC heap after
{Heap after GC invocations=18 (full 0):
 garbage-first heap   total 196608K, used 65610K [0x0000000600000000, 0x0000000800000000)
  region size 4096K, 2 young (8192K), 2 survivors (8192K)
 Metaspace       used 65265K, committed 65984K, reserved 1114112K
  class space    used 9198K, committed 9536K, reserved 1048576K
}
Event: 32.271 GC heap before
{Heap before GC invocations=18 (full 0):
 garbage-first heap   total 196608K, used 151626K [0x0000000600000000, 0x0000000800000000)
  region size 4096K, 23 young (94208K), 2 survivors (8192K)
 Metaspace       used 70808K, committed 71616K, reserved 1114112K
  class space    used 10073K, committed 10496K, reserved 1048576K
}
Event: 32.283 GC heap after
{Heap after GC invocations=19 (full 0):
 garbage-first heap   total 196608K, used 72450K [0x0000000600000000, 0x0000000800000000)
  region size 4096K, 3 young (12288K), 3 survivors (12288K)
 Metaspace       used 70808K, committed 71616K, reserved 1114112K
  class space    used 10073K, committed 10496K, reserved 1048576K
}
Event: 34.760 GC heap before
{Heap before GC invocations=19 (full 0):
 garbage-first heap   total 196608K, used 150274K [0x0000000600000000, 0x0000000800000000)
  region size 4096K, 23 young (94208K), 3 survivors (12288K)
 Metaspace       used 72354K, committed 73152K, reserved 1114112K
  class space    used 10234K, committed 10624K, reserved 1048576K
}
Event: 34.776 GC heap after
{Heap after GC invocations=20 (full 0):
 garbage-first heap   total 196608K, used 78665K [0x0000000600000000, 0x0000000800000000)
  region size 4096K, 3 young (12288K), 3 survivors (12288K)
 Metaspace       used 72354K, committed 73152K, reserved 1114112K
  class space    used 10234K, committed 10624K, reserved 1048576K
}
Event: 35.718 GC heap before
{Heap before GC invocations=20 (full 0):
 garbage-first heap   total 196608K, used 144201K [0x0000000600000000, 0x0000000800000000)
  region size 4096K, 20 young (81920K), 3 survivors (12288K)
 Metaspace       used 72401K, committed 73216K, reserved 1114112K
  class space    used 10235K, committed 10624K, reserved 1048576K
}
Event: 35.728 GC heap after
{Heap after GC invocations=21 (full 0):
 garbage-first heap   total 196608K, used 81681K [0x0000000600000000, 0x0000000800000000)
  region size 4096K, 2 young (8192K), 2 survivors (8192K)
 Metaspace       used 72401K, committed 73216K, reserved 1114112K
  class space    used 10235K, committed 10624K, reserved 1048576K
}
Event: 36.950 GC heap before
{Heap before GC invocations=21 (full 0):
 garbage-first heap   total 196608K, used 147217K [0x0000000600000000, 0x0000000800000000)
  region size 4096K, 19 young (77824K), 2 survivors (8192K)
 Metaspace       used 73243K, committed 74112K, reserved 1114112K
  class space    used 10338K, committed 10752K, reserved 1048576K
}
Event: 36.960 GC heap after
{Heap after GC invocations=22 (full 0):
 garbage-first heap   total 196608K, used 93694K [0x0000000600000000, 0x0000000800000000)
  region size 4096K, 3 young (12288K), 3 survivors (12288K)
 Metaspace       used 73243K, committed 74112K, reserved 1114112K
  class space    used 10338K, committed 10752K, reserved 1048576K
}
Event: 39.306 GC heap before
{Heap before GC invocations=22 (full 0):
 garbage-first heap   total 196608K, used 151038K [0x0000000600000000, 0x0000000800000000)
  region size 4096K, 17 young (69632K), 3 survivors (12288K)
 Metaspace       used 81346K, committed 82176K, reserved 1179648K
  class space    used 11820K, committed 12224K, reserved 1048576K
}
Event: 39.313 GC heap after
{Heap after GC invocations=23 (full 0):
 garbage-first heap   total 196608K, used 97036K [0x0000000600000000, 0x0000000800000000)
  region size 4096K, 1 young (4096K), 1 survivors (4096K)
 Metaspace       used 81346K, committed 82176K, reserved 1179648K
  class space    used 11820K, committed 12224K, reserved 1048576K
}
Event: 40.742 GC heap before
{Heap before GC invocations=23 (full 0):
 garbage-first heap   total 196608K, used 146188K [0x0000000600000000, 0x0000000800000000)
  region size 4096K, 14 young (57344K), 1 survivors (4096K)
 Metaspace       used 87806K, committed 88768K, reserved 1179648K
  class space    used 12607K, committed 13056K, reserved 1048576K
}
Event: 40.748 GC heap after
{Heap after GC invocations=24 (full 0):
 garbage-first heap   total 196608K, used 98318K [0x0000000600000000, 0x0000000800000000)
  region size 4096K, 1 young (4096K), 1 survivors (4096K)
 Metaspace       used 87806K, committed 88768K, reserved 1179648K
  class space    used 12607K, committed 13056K, reserved 1048576K
}
Event: 41.319 GC heap before
{Heap before GC invocations=25 (full 0):
 garbage-first heap   total 200704K, used 159758K [0x0000000600000000, 0x0000000800000000)
  region size 4096K, 14 young (57344K), 1 survivors (4096K)
 Metaspace       used 88202K, committed 89216K, reserved 1179648K
  class space    used 12618K, committed 13056K, reserved 1048576K
}

