# JRE version: OpenJDK Runtime Environment Temurin-17.0.13+11 (17.0.13+11) (build 17.0.13+11)
# Java VM: OpenJDK 64-Bit Server VM Temurin-17.0.13+11 (17.0.13+11, mixed mode, sharing, tiered, compressed oops, compressed class ptrs, g1 gc, windows-amd64)
GC Precious Log:
 CPUs: 8 total, 8 available
 Memory: 16190M
 Large Page Support: Disabled
 NUMA Support: Disabled
 Compressed Oops: Enabled (Zero based)
 Heap Region Size: 2M
 Heap Min Capacity: 8M
 Heap Initial Capacity: 254M
 Heap Max Capacity: 4048M
 Pre-touch: Disabled
 Parallel Workers: 8
 Concurrent Workers: 2
 Concurrent Refinement Workers: 8
 Periodic GC: Disabled
Heap:
 garbage-first heap   total 184320K, used 136119K [0x0000000703000000, 0x0000000800000000)
  region size 2048K, 25 young (51200K), 1 survivors (2048K)
 Metaspace       used 63188K, committed 63680K, reserved 1114112K
  class space    used 6955K, committed 7168K, reserved 1048576K
GC Heap History (20 events):
Event: 40.921 GC heap before
{Heap before GC invocations=17 (full 0):
 garbage-first heap   total 126976K, used 95560K [0x0000000703000000, 0x0000000800000000)
  region size 2048K, 18 young (36864K), 3 survivors (6144K)
 Metaspace       used 53311K, committed 53632K, reserved 1114112K
  class space    used 6151K, committed 6336K, reserved 1048576K
}
Event: 40.945 GC heap after
{Heap after GC invocations=18 (full 0):
 garbage-first heap   total 126976K, used 71487K [0x0000000703000000, 0x0000000800000000)
  region size 2048K, 3 young (6144K), 3 survivors (6144K)
 Metaspace       used 53311K, committed 53632K, reserved 1114112K
  class space    used 6151K, committed 6336K, reserved 1048576K
}
Event: 42.894 GC heap before
{Heap before GC invocations=18 (full 0):
 garbage-first heap   total 126976K, used 98111K [0x0000000703000000, 0x0000000800000000)
  region size 2048K, 16 young (32768K), 3 survivors (6144K)
 Metaspace       used 53925K, committed 54336K, reserved 1114112K
  class space    used 6160K, committed 6336K, reserved 1048576K
}
Event: 42.928 GC heap after
{Heap after GC invocations=19 (full 0):
 garbage-first heap   total 126976K, used 75028K [0x0000000703000000, 0x0000000800000000)
  region size 2048K, 2 young (4096K), 2 survivors (4096K)
 Metaspace       used 53925K, committed 54336K, reserved 1114112K
  class space    used 6160K, committed 6336K, reserved 1048576K
}
Event: 45.384 GC heap before
{Heap before GC invocations=20 (full 0):
 garbage-first heap   total 131072K, used 101652K [0x0000000703000000, 0x0000000800000000)
  region size 2048K, 15 young (30720K), 2 survivors (4096K)
 Metaspace       used 54551K, committed 54912K, reserved 1114112K
  class space    used 6184K, committed 6400K, reserved 1048576K
}
Event: 45.405 GC heap after
{Heap after GC invocations=21 (full 0):
 garbage-first heap   total 131072K, used 78472K [0x0000000703000000, 0x0000000800000000)
  region size 2048K, 2 young (4096K), 2 survivors (4096K)
 Metaspace       used 54551K, committed 54912K, reserved 1114112K
  class space    used 6184K, committed 6400K, reserved 1048576K
}
Event: 46.278 GC heap before
{Heap before GC invocations=21 (full 0):
 garbage-first heap   total 131072K, used 86664K [0x0000000703000000, 0x0000000800000000)
  region size 2048K, 7 young (14336K), 2 survivors (4096K)
 Metaspace       used 54642K, committed 55104K, reserved 1114112K
  class space    used 6185K, committed 6400K, reserved 1048576K
}
Event: 46.293 GC heap after
{Heap after GC invocations=22 (full 0):
 garbage-first heap   total 131072K, used 79696K [0x0000000703000000, 0x0000000800000000)
  region size 2048K, 1 young (2048K), 1 survivors (2048K)
 Metaspace       used 54642K, committed 55104K, reserved 1114112K
  class space    used 6185K, committed 6400K, reserved 1048576K
}
Event: 48.790 GC heap before
{Heap before GC invocations=23 (full 0):
 garbage-first heap   total 143360K, used 106320K [0x0000000703000000, 0x0000000800000000)
  region size 2048K, 13 young (26624K), 1 survivors (2048K)
 Metaspace       used 54929K, committed 55360K, reserved 1114112K
  class space    used 6204K, committed 6400K, reserved 1048576K
}
Event: 48.804 GC heap after
{Heap after GC invocations=24 (full 0):
 garbage-first heap   total 143360K, used 84008K [0x0000000703000000, 0x0000000800000000)
  region size 2048K, 2 young (4096K), 2 survivors (4096K)
 Metaspace       used 54929K, committed 55360K, reserved 1114112K
  class space    used 6204K, committed 6400K, reserved 1048576K
}
Event: 48.954 GC heap before
{Heap before GC invocations=24 (full 0):
 garbage-first heap   total 143360K, used 86056K [0x0000000703000000, 0x0000000800000000)
  region size 2048K, 3 young (6144K), 2 survivors (4096K)
 Metaspace       used 54942K, committed 55360K, reserved 1114112K
  class space    used 6204K, committed 6400K, reserved 1048576K
}
Event: 48.965 GC heap after
{Heap after GC invocations=25 (full 0):
 garbage-first heap   total 143360K, used 83079K [0x0000000703000000, 0x0000000800000000)
  region size 2048K, 1 young (2048K), 1 survivors (2048K)
 Metaspace       used 54942K, committed 55360K, reserved 1114112K
  class space    used 6204K, committed 6400K, reserved 1048576K
}
Event: 51.330 GC heap before
{Heap before GC invocations=25 (full 0):
 garbage-first heap   total 143360K, used 113799K [0x0000000703000000, 0x0000000800000000)
  region size 2048K, 16 young (32768K), 1 survivors (2048K)
 Metaspace       used 55379K, committed 55808K, reserved 1114112K
  class space    used 6245K, committed 6464K, reserved 1048576K
}
Event: 51.343 GC heap after
{Heap after GC invocations=26 (full 0):
 garbage-first heap   total 143360K, used 85555K [0x0000000703000000, 0x0000000800000000)
  region size 2048K, 2 young (4096K), 2 survivors (4096K)
 Metaspace       used 55379K, committed 55808K, reserved 1114112K
  class space    used 6245K, committed 6464K, reserved 1048576K
}
Event: 53.729 GC heap before
{Heap before GC invocations=27 (full 0):
 garbage-first heap   total 153600K, used 114227K [0x0000000703000000, 0x0000000800000000)
  region size 2048K, 16 young (32768K), 2 survivors (4096K)
 Metaspace       used 55768K, committed 56128K, reserved 1114112K
  class space    used 6268K, committed 6464K, reserved 1048576K
}
Event: 53.747 GC heap after
{Heap after GC invocations=28 (full 0):
 garbage-first heap   total 153600K, used 88186K [0x0000000703000000, 0x0000000800000000)
  region size 2048K, 2 young (4096K), 2 survivors (4096K)
 Metaspace       used 55768K, committed 56128K, reserved 1114112K
  class space    used 6268K, committed 6464K, reserved 1048576K
}
Event: 53.855 GC heap before
{Heap before GC invocations=28 (full 0):
 garbage-first heap   total 153600K, used 90234K [0x0000000703000000, 0x0000000800000000)
  region size 2048K, 3 young (6144K), 2 survivors (4096K)
 Metaspace       used 55796K, committed 56192K, reserved 1114112K
  class space    used 6268K, committed 6464K, reserved 1048576K
}
Event: 53.875 GC heap after
{Heap after GC invocations=29 (full 0):
 garbage-first heap   total 153600K, used 87712K [0x0000000703000000, 0x0000000800000000)
  region size 2048K, 1 young (2048K), 1 survivors (2048K)
 Metaspace       used 55796K, committed 56192K, reserved 1114112K
  class space    used 6268K, committed 6464K, reserved 1048576K
}
Event: 55.911 GC heap before
{Heap before GC invocations=29 (full 0):
 garbage-first heap   total 153600K, used 122528K [0x0000000703000000, 0x0000000800000000)
  region size 2048K, 18 young (36864K), 1 survivors (2048K)
 Metaspace       used 57006K, committed 57408K, reserved 1114112K
  class space    used 6375K, committed 6592K, reserved 1048576K
}
Event: 55.920 GC heap after
{Heap after GC invocations=30 (full 0):
 garbage-first heap   total 184320K, used 89015K [0x0000000703000000, 0x0000000800000000)
  region size 2048K, 1 young (2048K), 1 survivors (2048K)
 Metaspace       used 57006K, committed 57408K, reserved 1114112K
  class space    used 6375K, committed 6592K, reserved 1048576K
}

