# JRE version: OpenJDK Runtime Environment Temurin-17.0.13+11 (17.0.13+11) (build 17.0.13+11)
# Java VM: OpenJDK 64-Bit Server VM Temurin-17.0.13+11 (17.0.13+11, mixed mode, sharing, tiered, compressed oops, compressed class ptrs, g1 gc, windows-amd64)
GC Precious Log:
 CPUs: 8 total, 8 available
 Memory: 16190M
 Large Page Support: Disabled
 NUMA Support: Disabled
 Compressed Oops: Enabled (Zero based)
 Heap Region Size: 4M
 Heap Min Capacity: 8M
 Heap Initial Capacity: 256M
 Heap Max Capacity: 8G
 Pre-touch: Disabled
 Parallel Workers: 8
 Concurrent Workers: 2
 Concurrent Refinement Workers: 8
 Periodic GC: Disabled
Heap:
 garbage-first heap   total 110592K, used 36407K [0x0000000600000000, 0x0000000800000000)
  region size 4096K, 4 young (16384K), 2 survivors (8192K)
 Metaspace       used 33192K, committed 33664K, reserved 1114112K
  class space    used 4671K, committed 4928K, reserved 1048576K
GC Heap History (14 events):
Event: 1.552 GC heap before
{Heap before GC invocations=0 (full 0):
 garbage-first heap   total 262144K, used 20480K [0x0000000600000000, 0x0000000800000000)
  region size 4096K, 5 young (20480K), 0 survivors (0K)
 Metaspace       used 819K, committed 896K, reserved 1114112K
  class space    used 61K, committed 128K, reserved 1048576K
}
Event: 1.567 GC heap after
{Heap after GC invocations=1 (full 0):
 garbage-first heap   total 262144K, used 1475K [0x0000000600000000, 0x0000000800000000)
  region size 4096K, 1 young (4096K), 1 survivors (4096K)
 Metaspace       used 819K, committed 896K, reserved 1114112K
  class space    used 61K, committed 128K, reserved 1048576K
}
Event: 4.589 GC heap before
{Heap before GC invocations=1 (full 0):
 garbage-first heap   total 262144K, used 46531K [0x0000000600000000, 0x0000000800000000)
  region size 4096K, 11 young (45056K), 1 survivors (4096K)
 Metaspace       used 4372K, committed 4544K, reserved 1114112K
  class space    used 547K, committed 640K, reserved 1048576K
}
Event: 4.596 GC heap after
{Heap after GC invocations=2 (full 0):
 garbage-first heap   total 262144K, used 11797K [0x0000000600000000, 0x0000000800000000)
  region size 4096K, 2 young (8192K), 2 survivors (8192K)
 Metaspace       used 4372K, committed 4544K, reserved 1114112K
  class space    used 547K, committed 640K, reserved 1048576K
}
Event: 7.836 GC heap before
{Heap before GC invocations=2 (full 0):
 garbage-first heap   total 262144K, used 69141K [0x0000000600000000, 0x0000000800000000)
  region size 4096K, 16 young (65536K), 2 survivors (8192K)
 Metaspace       used 6766K, committed 6912K, reserved 1114112K
  class space    used 909K, committed 960K, reserved 1048576K
}
Event: 7.847 GC heap after
{Heap after GC invocations=3 (full 0):
 garbage-first heap   total 262144K, used 18189K [0x0000000600000000, 0x0000000800000000)
  region size 4096K, 2 young (8192K), 2 survivors (8192K)
 Metaspace       used 6766K, committed 6912K, reserved 1114112K
  class space    used 909K, committed 960K, reserved 1048576K
}
Event: 27.676 GC heap before
{Heap before GC invocations=3 (full 0):
 garbage-first heap   total 262144K, used 124685K [0x0000000600000000, 0x0000000800000000)
  region size 4096K, 29 young (118784K), 2 survivors (8192K)
 Metaspace       used 21183K, committed 21504K, reserved 1114112K
  class space    used 3085K, committed 3264K, reserved 1048576K
}
Event: 27.692 GC heap after
{Heap after GC invocations=4 (full 0):
 garbage-first heap   total 262144K, used 24028K [0x0000000600000000, 0x0000000800000000)
  region size 4096K, 4 young (16384K), 4 survivors (16384K)
 Metaspace       used 21183K, committed 21504K, reserved 1114112K
  class space    used 3085K, committed 3264K, reserved 1048576K
}
Event: 38.893 GC heap before
{Heap before GC invocations=5 (full 0):
 garbage-first heap   total 110592K, used 73180K [0x0000000600000000, 0x0000000800000000)
  region size 4096K, 16 young (65536K), 4 survivors (16384K)
 Metaspace       used 27259K, committed 27712K, reserved 1114112K
  class space    used 4047K, committed 4288K, reserved 1048576K
}
Event: 38.915 GC heap after
{Heap after GC invocations=6 (full 0):
 garbage-first heap   total 110592K, used 27174K [0x0000000600000000, 0x0000000800000000)
  region size 4096K, 1 young (4096K), 1 survivors (4096K)
 Metaspace       used 27259K, committed 27712K, reserved 1114112K
  class space    used 4047K, committed 4288K, reserved 1048576K
}
Event: 39.518 GC heap before
{Heap before GC invocations=6 (full 0):
 garbage-first heap   total 110592K, used 31270K [0x0000000600000000, 0x0000000800000000)
  region size 4096K, 2 young (8192K), 1 survivors (4096K)
 Metaspace       used 27928K, committed 28352K, reserved 1114112K
  class space    used 4086K, committed 4288K, reserved 1048576K
}
Event: 39.525 GC heap after
{Heap after GC invocations=7 (full 0):
 garbage-first heap   total 110592K, used 27488K [0x0000000600000000, 0x0000000800000000)
  region size 4096K, 1 young (4096K), 1 survivors (4096K)
 Metaspace       used 27928K, committed 28352K, reserved 1114112K
  class space    used 4086K, committed 4288K, reserved 1048576K
}
Event: 42.945 GC heap before
{Heap before GC invocations=7 (full 0):
 garbage-first heap   total 110592K, used 68448K [0x0000000600000000, 0x0000000800000000)
  region size 4096K, 12 young (49152K), 1 survivors (4096K)
 Metaspace       used 32801K, committed 33280K, reserved 1114112K
  class space    used 4606K, committed 4864K, reserved 1048576K
}
Event: 42.952 GC heap after
{Heap after GC invocations=8 (full 0):
 garbage-first heap   total 110592K, used 32311K [0x0000000600000000, 0x0000000800000000)
  region size 4096K, 2 young (8192K), 2 survivors (8192K)
 Metaspace       used 32801K, committed 33280K, reserved 1114112K
  class space    used 4606K, committed 4864K, reserved 1048576K
}

