# JRE version: OpenJDK Runtime Environment Temurin-17.0.13+11 (17.0.13+11) (build 17.0.13+11)
# Java VM: OpenJDK 64-Bit Server VM Temurin-17.0.13+11 (17.0.13+11, mixed mode, sharing, tiered, compressed oops, compressed class ptrs, g1 gc, windows-amd64)
GC Precious Log:
 CPUs: 8 total, 8 available
 Memory: 16190M
 Large Page Support: Disabled
 NUMA Support: Disabled
 Compressed Oops: Enabled (Zero based)
 Heap Region Size: 4M
 Heap Min Capacity: 8M
 Heap Initial Capacity: 256M
 Heap Max Capacity: 8G
 Pre-touch: Disabled
 Parallel Workers: 8
 Concurrent Workers: 2
 Concurrent Refinement Workers: 8
 Periodic GC: Disabled
Heap:
 garbage-first heap   total 339968K, used 157684K [0x0000000600000000, 0x0000000800000000)
  region size 4096K, 7 young (28672K), 4 survivors (16384K)
 Metaspace       used 124650K, committed 125504K, reserved 1179648K
  class space    used 16540K, committed 16960K, reserved 1048576K
GC Heap History (20 events):
Event: 28.765 GC heap before
{Heap before GC invocations=36 (full 0):
 garbage-first heap   total 184320K, used 142423K [0x0000000600000000, 0x0000000800000000)
  region size 4096K, 12 young (49152K), 1 survivors (4096K)
 Metaspace       used 85105K, committed 86016K, reserved 1179648K
  class space    used 12243K, committed 12672K, reserved 1048576K
}
Event: 28.775 GC heap after
{Heap after GC invocations=37 (full 0):
 garbage-first heap   total 184320K, used 104963K [0x0000000600000000, 0x0000000800000000)
  region size 4096K, 2 young (8192K), 2 survivors (8192K)
 Metaspace       used 85105K, committed 86016K, reserved 1179648K
  class space    used 12243K, committed 12672K, reserved 1048576K
}
Event: 29.346 GC heap before
{Heap before GC invocations=37 (full 0):
 garbage-first heap   total 184320K, used 141827K [0x0000000600000000, 0x0000000800000000)
  region size 4096K, 11 young (45056K), 2 survivors (8192K)
 Metaspace       used 85233K, committed 86144K, reserved 1179648K
  class space    used 12248K, committed 12672K, reserved 1048576K
}
Event: 29.373 GC heap after
{Heap after GC invocations=38 (full 0):
 garbage-first heap   total 184320K, used 106318K [0x0000000600000000, 0x0000000800000000)
  region size 4096K, 2 young (8192K), 2 survivors (8192K)
 Metaspace       used 85233K, committed 86144K, reserved 1179648K
  class space    used 12248K, committed 12672K, reserved 1048576K
}
Event: 29.750 GC heap before
{Heap before GC invocations=38 (full 0):
 garbage-first heap   total 184320K, used 139086K [0x0000000600000000, 0x0000000800000000)
  region size 4096K, 10 young (40960K), 2 survivors (8192K)
 Metaspace       used 85241K, committed 86144K, reserved 1179648K
  class space    used 12248K, committed 12672K, reserved 1048576K
}
Event: 29.775 GC heap after
{Heap after GC invocations=39 (full 0):
 garbage-first heap   total 184320K, used 116085K [0x0000000600000000, 0x0000000800000000)
  region size 4096K, 2 young (8192K), 2 survivors (8192K)
 Metaspace       used 85241K, committed 86144K, reserved 1179648K
  class space    used 12248K, committed 12672K, reserved 1048576K
}
Event: 30.748 GC heap before
{Heap before GC invocations=39 (full 0):
 garbage-first heap   total 184320K, used 140661K [0x0000000600000000, 0x0000000800000000)
  region size 4096K, 8 young (32768K), 2 survivors (8192K)
 Metaspace       used 86843K, committed 87680K, reserved 1179648K
  class space    used 12457K, committed 12864K, reserved 1048576K
}
Event: 30.761 GC heap after
{Heap after GC invocations=40 (full 0):
 garbage-first heap   total 184320K, used 120955K [0x0000000600000000, 0x0000000800000000)
  region size 4096K, 1 young (4096K), 1 survivors (4096K)
 Metaspace       used 86843K, committed 87680K, reserved 1179648K
  class space    used 12457K, committed 12864K, reserved 1048576K
}
Event: 31.564 GC heap before
{Heap before GC invocations=40 (full 0):
 garbage-first heap   total 184320K, used 153723K [0x0000000600000000, 0x0000000800000000)
  region size 4096K, 7 young (28672K), 1 survivors (4096K)
 Metaspace       used 89410K, committed 90176K, reserved 1179648K
  class space    used 12728K, committed 13120K, reserved 1048576K
}
Event: 31.570 GC heap after
{Heap after GC invocations=41 (full 0):
 garbage-first heap   total 184320K, used 132205K [0x0000000600000000, 0x0000000800000000)
  region size 4096K, 1 young (4096K), 1 survivors (4096K)
 Metaspace       used 89410K, committed 90176K, reserved 1179648K
  class space    used 12728K, committed 13120K, reserved 1048576K
}
Event: 32.059 GC heap before
{Heap before GC invocations=41 (full 0):
 garbage-first heap   total 184320K, used 148589K [0x0000000600000000, 0x0000000800000000)
  region size 4096K, 5 young (20480K), 1 survivors (4096K)
 Metaspace       used 90985K, committed 91776K, reserved 1179648K
  class space    used 12901K, committed 13312K, reserved 1048576K
}
Event: 32.065 GC heap after
{Heap after GC invocations=42 (full 0):
 garbage-first heap   total 184320K, used 133537K [0x0000000600000000, 0x0000000800000000)
  region size 4096K, 1 young (4096K), 1 survivors (4096K)
 Metaspace       used 90985K, committed 91776K, reserved 1179648K
  class space    used 12901K, committed 13312K, reserved 1048576K
}
Event: 32.491 GC heap before
{Heap before GC invocations=43 (full 0):
 garbage-first heap   total 245760K, used 141729K [0x0000000600000000, 0x0000000800000000)
  region size 4096K, 4 young (16384K), 1 survivors (4096K)
 Metaspace       used 92132K, committed 92992K, reserved 1179648K
  class space    used 13024K, committed 13440K, reserved 1048576K
}
Event: 32.495 GC heap after
{Heap after GC invocations=44 (full 0):
 garbage-first heap   total 245760K, used 134255K [0x0000000600000000, 0x0000000800000000)
  region size 4096K, 1 young (4096K), 1 survivors (4096K)
 Metaspace       used 92132K, committed 92992K, reserved 1179648K
  class space    used 13024K, committed 13440K, reserved 1048576K
}
Event: 34.324 GC heap before
{Heap before GC invocations=44 (full 0):
 garbage-first heap   total 245760K, used 191599K [0x0000000600000000, 0x0000000800000000)
  region size 4096K, 15 young (61440K), 1 survivors (4096K)
 Metaspace       used 98996K, committed 99840K, reserved 1179648K
  class space    used 13731K, committed 14144K, reserved 1048576K
}
Event: 34.334 GC heap after
{Heap after GC invocations=45 (full 0):
 garbage-first heap   total 339968K, used 137194K [0x0000000600000000, 0x0000000800000000)
  region size 4096K, 2 young (8192K), 2 survivors (8192K)
 Metaspace       used 98996K, committed 99840K, reserved 1179648K
  class space    used 13731K, committed 14144K, reserved 1048576K
}
Event: 38.655 GC heap before
{Heap before GC invocations=45 (full 0):
 garbage-first heap   total 339968K, used 255978K [0x0000000600000000, 0x0000000800000000)
  region size 4096K, 31 young (126976K), 2 survivors (8192K)
 Metaspace       used 108157K, committed 108992K, reserved 1179648K
  class space    used 14842K, committed 15232K, reserved 1048576K
}
Event: 38.667 GC heap after
{Heap after GC invocations=46 (full 0):
 garbage-first heap   total 339968K, used 144147K [0x0000000600000000, 0x0000000800000000)
  region size 4096K, 3 young (12288K), 3 survivors (12288K)
 Metaspace       used 108157K, committed 108992K, reserved 1179648K
  class space    used 14842K, committed 15232K, reserved 1048576K
}
Event: 43.311 GC heap before
{Heap before GC invocations=46 (full 0):
 garbage-first heap   total 339968K, used 262931K [0x0000000600000000, 0x0000000800000000)
  region size 4096K, 32 young (131072K), 3 survivors (12288K)
 Metaspace       used 123835K, committed 124736K, reserved 1179648K
  class space    used 16419K, committed 16832K, reserved 1048576K
}
Event: 43.336 GC heap after
{Heap after GC invocations=47 (full 0):
 garbage-first heap   total 339968K, used 149492K [0x0000000600000000, 0x0000000800000000)
  region size 4096K, 4 young (16384K), 4 survivors (16384K)
 Metaspace       used 123835K, committed 124736K, reserved 1179648K
  class space    used 16419K, committed 16832K, reserved 1048576K
}

